[08-Feb-2026 22:04:06 Asia/Manila] [IMPORT INFO] PhpSpreadsheet caching classes not available; skipping cache configuration.
[08-Feb-2026 22:04:27 Asia/Manila] [IMPORT INFO] PhpSpreadsheet caching classes not available; skipping cache configuration.
[08-Feb-2026 22:04:28 Asia/Manila] [IMPORT INFO] PhpSpreadsheet caching classes not available; skipping cache configuration.
[08-Feb-2026 22:04:38 Asia/Manila] Validation KPX Row 10 - Column A: '1', Detected as: ACTIVE
[08-Feb-2026 22:04:38 Asia/Manila] Validation KPX Row 11 - Column A: '2', Detected as: ACTIVE
[08-Feb-2026 22:04:38 Asia/Manila] Validation KPX Row 12 - Column A: '3', Detected as: ACTIVE
[08-Feb-2026 22:04:38 Asia/Manila] Validation detection for ../../admin/temporary/file_698897eb1ecf76.97124943_JT-INTERNATIONAL-PHILIPPINES-INC-JANUARY-2026-BP-TRANSACTION-REPORT-NATIONWIDE-79513740.xlsx: 38408 active, 15 cancelled (total 38423 rows)
[08-Feb-2026 22:04:40 Asia/Manila] [IMPORT INFO] PhpSpreadsheet caching classes not available; skipping cache configuration.
[08-Feb-2026 22:05:23 Asia/Manila] [IMPORT INFO] PhpSpreadsheet caching classes not available; skipping cache configuration.
[08-Feb-2026 22:05:25 Asia/Manila] [IMPORT INFO] PhpSpreadsheet caching classes not available; skipping cache configuration.
[08-Feb-2026 22:05:28 Asia/Manila] [IMPORT INFO] PhpSpreadsheet caching classes not available; skipping cache configuration.
[08-Feb-2026 22:05:30 Asia/Manila] [IMPORT INFO] PhpSpreadsheet caching classes not available; skipping cache configuration.
[08-Feb-2026 22:05:32 Asia/Manila] [IMPORT INFO] PhpSpreadsheet caching classes not available; skipping cache configuration.
[08-Feb-2026 22:05:34 Asia/Manila] [IMPORT INFO] PhpSpreadsheet caching classes not available; skipping cache configuration.
[08-Feb-2026 22:05:35 Asia/Manila] KPX Row 10 - Column A: '1', Detected as: ACTIVE
[08-Feb-2026 22:05:35 Asia/Manila] KPX Row 11 - Column A: '2', Detected as: ACTIVE
[08-Feb-2026 22:05:35 Asia/Manila] KPX Row 12 - Column A: '3', Detected as: ACTIVE
[08-Feb-2026 22:05:35 Asia/Manila] KPX Row 13 - Column A: '4', Detected as: ACTIVE
[08-Feb-2026 22:05:35 Asia/Manila] KPX Row 14 - Column A: '5', Detected as: ACTIVE
[08-Feb-2026 22:05:36 Asia/Manila] [IMPORT INFO] PhpSpreadsheet caching classes not available; skipping cache configuration.
[08-Feb-2026 22:05:38 Asia/Manila] [IMPORT INFO] PhpSpreadsheet caching classes not available; skipping cache configuration.
[08-Feb-2026 22:05:39 Asia/Manila] [IMPORT INFO] PhpSpreadsheet caching classes not available; skipping cache configuration.
[08-Feb-2026 22:05:41 Asia/Manila] [IMPORT INFO] PhpSpreadsheet caching classes not available; skipping cache configuration.
[08-Feb-2026 22:05:42 Asia/Manila] [IMPORT INFO] PhpSpreadsheet caching classes not available; skipping cache configuration.
[08-Feb-2026 22:05:44 Asia/Manila] [IMPORT INFO] PhpSpreadsheet caching classes not available; skipping cache configuration.
[08-Feb-2026 22:05:45 Asia/Manila] [IMPORT INFO] PhpSpreadsheet caching classes not available; skipping cache configuration.
[08-Feb-2026 22:05:47 Asia/Manila] [IMPORT INFO] PhpSpreadsheet caching classes not available; skipping cache configuration.
[08-Feb-2026 22:05:48 Asia/Manila] [IMPORT INFO] PhpSpreadsheet caching classes not available; skipping cache configuration.
[08-Feb-2026 22:05:50 Asia/Manila] [IMPORT INFO] PhpSpreadsheet caching classes not available; skipping cache configuration.
[08-Feb-2026 22:05:51 Asia/Manila] [IMPORT INFO] PhpSpreadsheet caching classes not available; skipping cache configuration.
[08-Feb-2026 22:05:53 Asia/Manila] [IMPORT INFO] PhpSpreadsheet caching classes not available; skipping cache configuration.
[08-Feb-2026 22:05:54 Asia/Manila] [IMPORT INFO] PhpSpreadsheet caching classes not available; skipping cache configuration.
[08-Feb-2026 22:05:56 Asia/Manila] [IMPORT INFO] PhpSpreadsheet caching classes not available; skipping cache configuration.
[08-Feb-2026 22:05:57 Asia/Manila] [IMPORT INFO] PhpSpreadsheet caching classes not available; skipping cache configuration.
[08-Feb-2026 22:05:59 Asia/Manila] [IMPORT INFO] PhpSpreadsheet caching classes not available; skipping cache configuration.
[08-Feb-2026 22:06:01 Asia/Manila] [IMPORT INFO] PhpSpreadsheet caching classes not available; skipping cache configuration.
[08-Feb-2026 22:06:02 Asia/Manila] [IMPORT INFO] PhpSpreadsheet caching classes not available; skipping cache configuration.
[08-Feb-2026 22:06:04 Asia/Manila] [IMPORT INFO] PhpSpreadsheet caching classes not available; skipping cache configuration.
[08-Feb-2026 22:06:05 Asia/Manila] [IMPORT INFO] PhpSpreadsheet caching classes not available; skipping cache configuration.
[08-Feb-2026 22:06:07 Asia/Manila] [IMPORT INFO] PhpSpreadsheet caching classes not available; skipping cache configuration.
[08-Feb-2026 22:06:08 Asia/Manila] [IMPORT INFO] PhpSpreadsheet caching classes not available; skipping cache configuration.
[08-Feb-2026 22:06:10 Asia/Manila] [IMPORT INFO] PhpSpreadsheet caching classes not available; skipping cache configuration.
[08-Feb-2026 22:06:10 Asia/Manila] PHP Fatal error:  Allowed memory size of 1073741824 bytes exhausted (tried to allocate 16384 bytes) in C:\xampp\htdocs\BillsPayment\models\saved\saved_billspayImportFile_NEW.php on line 1403
[08-Feb-2026 22:06:10 Asia/Manila] [IMPORT SHUTDOWN] Allowed memory size of 1073741824 bytes exhausted (tried to allocate 16384 bytes) in C:\xampp\htdocs\BillsPayment\models\saved\saved_billspayImportFile_NEW.php:1403
[08-Feb-2026 22:06:12 Asia/Manila] [IMPORT INFO] PhpSpreadsheet caching classes not available; skipping cache configuration.
[08-Feb-2026 22:06:13 Asia/Manila] [IMPORT INFO] PhpSpreadsheet caching classes not available; skipping cache configuration.
[08-Feb-2026 22:06:15 Asia/Manila] [IMPORT INFO] PhpSpreadsheet caching classes not available; skipping cache configuration.
[08-Feb-2026 22:06:16 Asia/Manila] [IMPORT INFO] PhpSpreadsheet caching classes not available; skipping cache configuration.
[08-Feb-2026 22:06:18 Asia/Manila] [IMPORT INFO] PhpSpreadsheet caching classes not available; skipping cache configuration.
[08-Feb-2026 22:06:19 Asia/Manila] [IMPORT INFO] PhpSpreadsheet caching classes not available; skipping cache configuration.
[08-Feb-2026 22:06:20 Asia/Manila] [IMPORT INFO] PhpSpreadsheet caching classes not available; skipping cache configuration.
[08-Feb-2026 22:06:22 Asia/Manila] [IMPORT INFO] PhpSpreadsheet caching classes not available; skipping cache configuration.
[08-Feb-2026 22:06:24 Asia/Manila] [IMPORT INFO] PhpSpreadsheet caching classes not available; skipping cache configuration.
[08-Feb-2026 22:06:25 Asia/Manila] [IMPORT INFO] PhpSpreadsheet caching classes not available; skipping cache configuration.
[08-Feb-2026 22:06:27 Asia/Manila] [IMPORT INFO] PhpSpreadsheet caching classes not available; skipping cache configuration.
[08-Feb-2026 22:06:28 Asia/Manila] [IMPORT INFO] PhpSpreadsheet caching classes not available; skipping cache configuration.
[08-Feb-2026 22:06:30 Asia/Manila] [IMPORT INFO] PhpSpreadsheet caching classes not available; skipping cache configuration.
[08-Feb-2026 22:06:33 Asia/Manila] [IMPORT INFO] PhpSpreadsheet caching classes not available; skipping cache configuration.
[08-Feb-2026 22:06:35 Asia/Manila] [IMPORT INFO] PhpSpreadsheet caching classes not available; skipping cache configuration.
[08-Feb-2026 22:06:36 Asia/Manila] [IMPORT INFO] PhpSpreadsheet caching classes not available; skipping cache configuration.
[08-Feb-2026 22:06:38 Asia/Manila] [IMPORT INFO] PhpSpreadsheet caching classes not available; skipping cache configuration.
[08-Feb-2026 22:06:39 Asia/Manila] [IMPORT INFO] PhpSpreadsheet caching classes not available; skipping cache configuration.
[08-Feb-2026 22:06:41 Asia/Manila] [IMPORT INFO] PhpSpreadsheet caching classes not available; skipping cache configuration.
[08-Feb-2026 22:06:44 Asia/Manila] [IMPORT INFO] PhpSpreadsheet caching classes not available; skipping cache configuration.
[08-Feb-2026 22:06:47 Asia/Manila] [IMPORT INFO] PhpSpreadsheet caching classes not available; skipping cache configuration.
[08-Feb-2026 22:06:50 Asia/Manila] [IMPORT INFO] PhpSpreadsheet caching classes not available; skipping cache configuration.
[08-Feb-2026 22:07:10 Asia/Manila] [IMPORT INFO] PhpSpreadsheet caching classes not available; skipping cache configuration.
[08-Feb-2026 22:07:12 Asia/Manila] [IMPORT INFO] PhpSpreadsheet caching classes not available; skipping cache configuration.
[08-Feb-2026 22:07:20 Asia/Manila] Validation KPX Row 10 - Column A: '1', Detected as: ACTIVE
[08-Feb-2026 22:07:20 Asia/Manila] Validation KPX Row 11 - Column A: '2', Detected as: ACTIVE
[08-Feb-2026 22:07:20 Asia/Manila] Validation KPX Row 12 - Column A: '3', Detected as: ACTIVE
[08-Feb-2026 22:07:21 Asia/Manila] Validation detection for ../../admin/temporary/file_6988988e981802.70111416_JT-INTERNATIONAL-PHILIPPINES-INC-JANUARY-2026-BP-TRANSACTION-REPORT-NATIONWIDE-79513740.xlsx: 38408 active, 15 cancelled (total 38423 rows)
[08-Feb-2026 22:07:23 Asia/Manila] [IMPORT INFO] PhpSpreadsheet caching classes not available; skipping cache configuration.
[08-Feb-2026 22:07:26 Asia/Manila] [IMPORT INFO] PhpSpreadsheet caching classes not available; skipping cache configuration.
[08-Feb-2026 22:07:29 Asia/Manila] [IMPORT INFO] PhpSpreadsheet caching classes not available; skipping cache configuration.
[08-Feb-2026 22:07:31 Asia/Manila] [IMPORT INFO] PhpSpreadsheet caching classes not available; skipping cache configuration.
[08-Feb-2026 22:07:33 Asia/Manila] [IMPORT INFO] PhpSpreadsheet caching classes not available; skipping cache configuration.
[08-Feb-2026 22:07:35 Asia/Manila] [IMPORT INFO] PhpSpreadsheet caching classes not available; skipping cache configuration.
[08-Feb-2026 22:07:37 Asia/Manila] [IMPORT INFO] PhpSpreadsheet caching classes not available; skipping cache configuration.
[08-Feb-2026 22:07:38 Asia/Manila] KPX Row 10 - Column A: '1', Detected as: ACTIVE
[08-Feb-2026 22:07:38 Asia/Manila] KPX Row 11 - Column A: '2', Detected as: ACTIVE
[08-Feb-2026 22:07:38 Asia/Manila] KPX Row 12 - Column A: '3', Detected as: ACTIVE
[08-Feb-2026 22:07:38 Asia/Manila] KPX Row 13 - Column A: '4', Detected as: ACTIVE
[08-Feb-2026 22:07:38 Asia/Manila] KPX Row 14 - Column A: '5', Detected as: ACTIVE
[08-Feb-2026 22:07:38 Asia/Manila] [IMPORT INFO] PhpSpreadsheet caching classes not available; skipping cache configuration.
[08-Feb-2026 22:07:40 Asia/Manila] [IMPORT INFO] PhpSpreadsheet caching classes not available; skipping cache configuration.
[08-Feb-2026 22:07:41 Asia/Manila] [IMPORT INFO] PhpSpreadsheet caching classes not available; skipping cache configuration.
[08-Feb-2026 22:07:43 Asia/Manila] [IMPORT INFO] PhpSpreadsheet caching classes not available; skipping cache configuration.
[08-Feb-2026 22:07:44 Asia/Manila] [IMPORT INFO] PhpSpreadsheet caching classes not available; skipping cache configuration.
[08-Feb-2026 22:07:46 Asia/Manila] [IMPORT INFO] PhpSpreadsheet caching classes not available; skipping cache configuration.
[08-Feb-2026 22:07:47 Asia/Manila] [IMPORT INFO] PhpSpreadsheet caching classes not available; skipping cache configuration.
[08-Feb-2026 22:07:49 Asia/Manila] [IMPORT INFO] PhpSpreadsheet caching classes not available; skipping cache configuration.
[08-Feb-2026 22:07:50 Asia/Manila] [IMPORT INFO] PhpSpreadsheet caching classes not available; skipping cache configuration.
[08-Feb-2026 22:07:52 Asia/Manila] [IMPORT INFO] PhpSpreadsheet caching classes not available; skipping cache configuration.
[08-Feb-2026 22:07:53 Asia/Manila] [IMPORT INFO] PhpSpreadsheet caching classes not available; skipping cache configuration.
[08-Feb-2026 22:07:55 Asia/Manila] [IMPORT INFO] PhpSpreadsheet caching classes not available; skipping cache configuration.
[08-Feb-2026 22:07:56 Asia/Manila] [IMPORT INFO] PhpSpreadsheet caching classes not available; skipping cache configuration.
[08-Feb-2026 22:07:58 Asia/Manila] [IMPORT INFO] PhpSpreadsheet caching classes not available; skipping cache configuration.
[08-Feb-2026 22:08:00 Asia/Manila] [IMPORT INFO] PhpSpreadsheet caching classes not available; skipping cache configuration.
[08-Feb-2026 22:08:01 Asia/Manila] [IMPORT INFO] PhpSpreadsheet caching classes not available; skipping cache configuration.
[08-Feb-2026 22:08:03 Asia/Manila] [IMPORT INFO] PhpSpreadsheet caching classes not available; skipping cache configuration.
[08-Feb-2026 22:08:04 Asia/Manila] [IMPORT INFO] PhpSpreadsheet caching classes not available; skipping cache configuration.
[08-Feb-2026 22:08:06 Asia/Manila] [IMPORT INFO] PhpSpreadsheet caching classes not available; skipping cache configuration.
[08-Feb-2026 22:08:07 Asia/Manila] [IMPORT INFO] PhpSpreadsheet caching classes not available; skipping cache configuration.
[08-Feb-2026 22:08:09 Asia/Manila] [IMPORT INFO] PhpSpreadsheet caching classes not available; skipping cache configuration.
[08-Feb-2026 22:08:10 Asia/Manila] [IMPORT INFO] PhpSpreadsheet caching classes not available; skipping cache configuration.
[08-Feb-2026 22:08:12 Asia/Manila] [IMPORT INFO] PhpSpreadsheet caching classes not available; skipping cache configuration.
[08-Feb-2026 22:08:13 Asia/Manila] PHP Fatal error:  Allowed memory size of 1073741824 bytes exhausted (tried to allocate 16384 bytes) in C:\xampp\htdocs\BillsPayment\models\saved\saved_billspayImportFile_NEW.php on line 1403
[08-Feb-2026 22:08:13 Asia/Manila] [IMPORT SHUTDOWN] Allowed memory size of 1073741824 bytes exhausted (tried to allocate 16384 bytes) in C:\xampp\htdocs\BillsPayment\models\saved\saved_billspayImportFile_NEW.php:1403
[08-Feb-2026 22:08:13 Asia/Manila] [IMPORT INFO] PhpSpreadsheet caching classes not available; skipping cache configuration.
[08-Feb-2026 22:08:15 Asia/Manila] [IMPORT INFO] PhpSpreadsheet caching classes not available; skipping cache configuration.
[08-Feb-2026 22:08:16 Asia/Manila] [IMPORT INFO] PhpSpreadsheet caching classes not available; skipping cache configuration.
[08-Feb-2026 22:08:18 Asia/Manila] [IMPORT INFO] PhpSpreadsheet caching classes not available; skipping cache configuration.
[08-Feb-2026 22:08:20 Asia/Manila] [IMPORT INFO] PhpSpreadsheet caching classes not available; skipping cache configuration.
[08-Feb-2026 22:08:22 Asia/Manila] [IMPORT INFO] PhpSpreadsheet caching classes not available; skipping cache configuration.
[08-Feb-2026 22:08:23 Asia/Manila] [IMPORT INFO] PhpSpreadsheet caching classes not available; skipping cache configuration.
[08-Feb-2026 22:08:25 Asia/Manila] [IMPORT INFO] PhpSpreadsheet caching classes not available; skipping cache configuration.
[08-Feb-2026 22:08:26 Asia/Manila] [IMPORT INFO] PhpSpreadsheet caching classes not available; skipping cache configuration.
[08-Feb-2026 22:08:28 Asia/Manila] [IMPORT INFO] PhpSpreadsheet caching classes not available; skipping cache configuration.
[08-Feb-2026 22:08:30 Asia/Manila] [IMPORT INFO] PhpSpreadsheet caching classes not available; skipping cache configuration.
[08-Feb-2026 22:08:32 Asia/Manila] [IMPORT INFO] PhpSpreadsheet caching classes not available; skipping cache configuration.
[08-Feb-2026 22:08:33 Asia/Manila] [IMPORT INFO] PhpSpreadsheet caching classes not available; skipping cache configuration.
[08-Feb-2026 22:08:35 Asia/Manila] [IMPORT INFO] PhpSpreadsheet caching classes not available; skipping cache configuration.
[08-Feb-2026 22:08:36 Asia/Manila] [IMPORT INFO] PhpSpreadsheet caching classes not available; skipping cache configuration.
[08-Feb-2026 22:08:38 Asia/Manila] [IMPORT INFO] PhpSpreadsheet caching classes not available; skipping cache configuration.
[08-Feb-2026 22:08:39 Asia/Manila] [IMPORT INFO] PhpSpreadsheet caching classes not available; skipping cache configuration.
[08-Feb-2026 22:08:41 Asia/Manila] [IMPORT INFO] PhpSpreadsheet caching classes not available; skipping cache configuration.
[08-Feb-2026 22:08:43 Asia/Manila] [IMPORT INFO] PhpSpreadsheet caching classes not available; skipping cache configuration.
[08-Feb-2026 22:08:44 Asia/Manila] [IMPORT INFO] PhpSpreadsheet caching classes not available; skipping cache configuration.
[08-Feb-2026 22:08:46 Asia/Manila] [IMPORT INFO] PhpSpreadsheet caching classes not available; skipping cache configuration.
[08-Feb-2026 22:08:48 Asia/Manila] [IMPORT INFO] PhpSpreadsheet caching classes not available; skipping cache configuration.
[08-Feb-2026 22:08:49 Asia/Manila] [IMPORT INFO] PhpSpreadsheet caching classes not available; skipping cache configuration.
[08-Feb-2026 22:08:51 Asia/Manila] [IMPORT INFO] PhpSpreadsheet caching classes not available; skipping cache configuration.
[08-Feb-2026 22:08:53 Asia/Manila] [IMPORT INFO] PhpSpreadsheet caching classes not available; skipping cache configuration.
[08-Feb-2026 22:08:54 Asia/Manila] [IMPORT INFO] PhpSpreadsheet caching classes not available; skipping cache configuration.
[08-Feb-2026 22:08:56 Asia/Manila] [IMPORT INFO] PhpSpreadsheet caching classes not available; skipping cache configuration.
[08-Feb-2026 22:08:57 Asia/Manila] [IMPORT INFO] PhpSpreadsheet caching classes not available; skipping cache configuration.
[08-Feb-2026 22:08:59 Asia/Manila] [IMPORT INFO] PhpSpreadsheet caching classes not available; skipping cache configuration.
[08-Feb-2026 22:09:01 Asia/Manila] [IMPORT INFO] PhpSpreadsheet caching classes not available; skipping cache configuration.
[08-Feb-2026 22:09:05 Asia/Manila] [IMPORT INFO] PhpSpreadsheet caching classes not available; skipping cache configuration.
[08-Feb-2026 22:09:07 Asia/Manila] [IMPORT INFO] PhpSpreadsheet caching classes not available; skipping cache configuration.
[08-Feb-2026 22:09:09 Asia/Manila] [IMPORT INFO] PhpSpreadsheet caching classes not available; skipping cache configuration.
[08-Feb-2026 22:09:11 Asia/Manila] [IMPORT INFO] PhpSpreadsheet caching classes not available; skipping cache configuration.
[08-Feb-2026 22:09:12 Asia/Manila] [IMPORT INFO] PhpSpreadsheet caching classes not available; skipping cache configuration.
[08-Feb-2026 22:09:14 Asia/Manila] [IMPORT INFO] PhpSpreadsheet caching classes not available; skipping cache configuration.
